TN:
SF:src\api\PrecomptabiliteReadController.ts
FN:14,(anonymous_0)
FN:18,(anonymous_1)
FN:25,(anonymous_2)
FN:32,(anonymous_3)
FN:39,(anonymous_4)
FNF:5
FNH:3
FNDA:4,(anonymous_0)
FNDA:2,(anonymous_1)
FNDA:0,(anonymous_2)
FNDA:0,(anonymous_3)
FNDA:2,(anonymous_4)
DA:13,1
DA:15,4
DA:21,2
DA:22,2
DA:28,0
DA:29,0
DA:35,0
DA:36,0
DA:42,2
DA:43,2
LF:10
LH:6
BRF:0
BRH:0
end_of_record
TN:
SF:src\application\handlers\CreateDocumentHandler.ts
FN:6,(anonymous_0)
FN:8,(anonymous_1)
FNF:2
FNH:2
FNDA:4,(anonymous_0)
FNDA:4,(anonymous_1)
DA:5,1
DA:6,4
DA:9,4
DA:20,4
LF:4
LH:4
BRF:0
BRH:0
end_of_record
TN:
SF:src\application\handlers\SubmitForValidationHandler.ts
FN:6,(anonymous_0)
FN:8,(anonymous_1)
FNF:2
FNH:2
FNDA:4,(anonymous_0)
FNDA:4,(anonymous_1)
DA:5,1
DA:6,4
DA:9,4
DA:20,4
LF:4
LH:4
BRF:0
BRH:0
end_of_record
TN:
SF:src\application\handlers\UpdateDocumentMetadataHandler.ts
FN:6,(anonymous_0)
FN:8,(anonymous_1)
FNF:2
FNH:2
FNDA:4,(anonymous_0)
FNDA:4,(anonymous_1)
DA:5,1
DA:6,4
DA:9,4
DA:21,4
LF:4
LH:4
BRF:0
BRH:0
end_of_record
TN:
SF:src\application\handlers\ValidateDocumentHandler.ts
FN:6,(anonymous_0)
FN:8,(anonymous_1)
FNF:2
FNH:2
FNDA:4,(anonymous_0)
FNDA:4,(anonymous_1)
DA:5,1
DA:6,4
DA:9,4
DA:20,4
LF:4
LH:4
BRF:0
BRH:0
end_of_record
TN:
SF:src\guardian\GuardianError.ts
FN:4,(anonymous_0)
FNF:1
FNH:1
FNDA:14,(anonymous_0)
DA:3,2
DA:5,14
DA:6,14
LF:3
LH:3
BRF:0
BRH:0
end_of_record
TN:
SF:src\guardian\PrecomptabiliteGuardian.ts
FN:11,(anonymous_0)
FN:24,(anonymous_1)
FN:33,(anonymous_2)
FN:39,(anonymous_3)
FN:51,(anonymous_4)
FN:57,(anonymous_5)
FN:85,(anonymous_6)
FN:98,(anonymous_7)
FN:108,(anonymous_8)
FN:117,(anonymous_9)
FNF:10
FNH:10
FNDA:33,(anonymous_0)
FNDA:33,(anonymous_1)
FNDA:32,(anonymous_2)
FNDA:31,(anonymous_3)
FNDA:29,(anonymous_4)
FNDA:28,(anonymous_5)
FNDA:24,(anonymous_6)
FNDA:23,(anonymous_7)
FNDA:129,(anonymous_8)
FNDA:20,(anonymous_9)
DA:3,2
DA:10,2
DA:12,33
DA:13,32
DA:14,31
DA:15,29
DA:16,28
DA:17,24
DA:18,23
DA:19,20
DA:28,33
DA:29,1
DA:34,32
DA:35,1
DA:40,31
DA:41,1
DA:44,30
DA:45,1
DA:52,29
DA:53,1
DA:58,28
DA:60,28
DA:61,1
DA:66,27
DA:67,1
DA:72,26
DA:73,1
DA:78,25
DA:79,1
DA:86,24
DA:87,5
DA:91,1
DA:99,23
DA:108,23
DA:109,129
DA:110,3
DA:118,20
DA:119,1
LF:38
LH:38
BRDA:28,0,0,1
BRDA:28,0,1,32
BRDA:34,1,0,1
BRDA:34,1,1,31
BRDA:40,2,0,1
BRDA:40,2,1,30
BRDA:44,3,0,1
BRDA:44,3,1,29
BRDA:44,4,0,30
BRDA:44,4,1,10
BRDA:52,5,0,1
BRDA:52,5,1,28
BRDA:60,6,0,1
BRDA:60,6,1,27
BRDA:60,7,0,28
BRDA:60,7,1,6
BRDA:66,8,0,1
BRDA:66,8,1,26
BRDA:66,9,0,27
BRDA:66,9,1,6
BRDA:72,10,0,1
BRDA:72,10,1,25
BRDA:72,11,0,26
BRDA:72,11,1,1
BRDA:78,12,0,1
BRDA:78,12,1,24
BRDA:78,13,0,25
BRDA:78,13,1,1
BRDA:86,14,0,5
BRDA:86,14,1,19
BRDA:87,15,0,1
BRDA:87,15,1,4
BRDA:88,16,0,5
BRDA:88,16,1,5
BRDA:109,17,0,3
BRDA:109,17,1,126
BRDA:118,18,0,1
BRDA:118,18,1,19
BRF:38
BRH:38
end_of_record
TN:
SF:src\read-models\projections\PrecomptabiliteProjection.ts
FN:8,(anonymous_0)
FN:13,(anonymous_1)
FN:68,(anonymous_2)
FN:85,(anonymous_3)
FN:89,(anonymous_4)
FN:93,(anonymous_5)
FN:97,(anonymous_6)
FNF:7
FNH:7
FNDA:4,(anonymous_0)
FNDA:16,(anonymous_1)
FNDA:8,(anonymous_2)
FNDA:4,(anonymous_3)
FNDA:4,(anonymous_4)
FNDA:4,(anonymous_5)
FNDA:4,(anonymous_6)
DA:8,1
DA:9,4
DA:10,4
DA:11,4
DA:14,16
DA:15,16
DA:17,16
DA:19,4
DA:25,4
DA:31,4
DA:34,4
DA:35,4
DA:36,4
DA:41,4
DA:42,4
DA:48,4
DA:51,4
DA:52,4
DA:55,4
DA:56,4
DA:59,0
DA:60,0
DA:63,0
DA:64,0
DA:73,8
DA:74,8
DA:75,8
DA:86,4
DA:90,4
DA:94,4
DA:98,4
DA:100,4
DA:101,4
DA:102,4
DA:103,4
DA:105,4
DA:106,4
DA:120,4
LF:38
LH:34
BRDA:17,0,0,4
BRDA:17,0,1,4
BRDA:17,0,2,4
BRDA:17,0,3,4
BRDA:17,0,4,0
BRDA:17,0,5,0
BRDA:35,1,0,4
BRDA:35,1,1,0
BRDA:41,2,0,4
BRDA:41,2,1,0
BRDA:74,3,0,8
BRDA:74,3,1,0
BRDA:101,4,0,4
BRDA:101,4,1,0
BRDA:105,5,0,4
BRDA:105,5,1,0
BRF:16
BRH:9
end_of_record
TN:
SF:src\read-models\repositories\InMemoryPrecomptabiliteReadRepository.ts
FN:12,(anonymous_0)
FN:19,(anonymous_1)
FN:20,(anonymous_2)
FN:23,(anonymous_3)
FN:24,(anonymous_4)
FN:27,(anonymous_5)
FN:28,(anonymous_6)
FN:31,(anonymous_7)
FN:32,(anonymous_8)
FNF:9
FNH:5
FNDA:4,(anonymous_0)
FNDA:2,(anonymous_1)
FNDA:2,(anonymous_2)
FNDA:0,(anonymous_3)
FNDA:0,(anonymous_4)
FNDA:0,(anonymous_5)
FNDA:0,(anonymous_6)
FNDA:2,(anonymous_7)
FNDA:2,(anonymous_8)
DA:9,1
DA:13,4
DA:14,4
DA:15,4
DA:16,4
DA:20,2
DA:24,0
DA:28,0
DA:32,2
LF:9
LH:7
BRF:0
BRH:0
end_of_record
