TN:
SF:src\api\index.ts
FNF:0
FNH:0
DA:1,2
DA:2,2
DA:3,2
LF:3
LH:3
BRF:0
BRH:0
end_of_record
TN:
SF:src\api\http\TierController.ts
FN:11,(anonymous_0)
FN:19,(anonymous_1)
FN:32,(anonymous_2)
FN:38,(anonymous_3)
FN:42,(anonymous_4)
FN:47,(anonymous_5)
FN:57,(anonymous_6)
FN:67,(anonymous_7)
FN:84,(anonymous_8)
FNF:9
FNH:7
FNDA:8,(anonymous_0)
FNDA:2,(anonymous_1)
FNDA:2,(anonymous_2)
FNDA:0,(anonymous_3)
FNDA:0,(anonymous_4)
FNDA:3,(anonymous_5)
FNDA:3,(anonymous_6)
FNDA:2,(anonymous_7)
FNDA:3,(anonymous_8)
DA:10,2
DA:12,8
DA:13,8
DA:14,8
DA:15,8
DA:16,8
DA:20,2
DA:21,2
DA:25,2
DA:26,2
DA:29,0
DA:33,2
DA:36,2
DA:38,0
DA:42,0
DA:44,2
DA:48,3
DA:49,3
DA:50,1
DA:53,2
DA:54,2
DA:58,3
DA:59,3
DA:60,1
DA:63,2
DA:64,2
DA:68,2
DA:69,2
DA:70,1
DA:73,1
DA:74,1
DA:75,1
DA:78,0
DA:85,3
DA:86,3
DA:87,1
DA:90,2
DA:94,2
LF:38
LH:34
BRDA:21,0,0,2
BRDA:21,0,1,0
BRDA:25,1,0,2
BRDA:36,2,0,0
BRDA:36,2,1,2
BRDA:38,3,0,0
BRDA:38,3,1,0
BRDA:49,4,0,1
BRDA:54,5,0,2
BRDA:54,5,1,2
BRDA:59,6,0,1
BRDA:69,7,0,1
BRDA:74,8,0,1
BRDA:86,9,0,1
BRF:14
BRH:10
end_of_record
TN:
SF:src\api\wiring\ApiContainer.ts
FN:14,(anonymous_0)
FNF:1
FNH:1
FNDA:8,(anonymous_0)
DA:1,2
DA:9,2
DA:11,2
DA:16,8
DA:17,8
DA:18,8
DA:19,8
DA:20,8
DA:23,8
LF:9
LH:9
BRF:0
BRH:0
end_of_record
TN:
SF:src\application\handlers\ArchiveTierHandler.ts
FN:9,(anonymous_0)
FN:15,(anonymous_1)
FNF:2
FNH:1
FNDA:1,(anonymous_0)
FNDA:0,(anonymous_1)
DA:1,1
DA:8,1
DA:10,1
DA:11,1
DA:12,1
DA:16,0
DA:18,0
DA:31,0
DA:33,0
LF:9
LH:5
BRDA:22,0,0,0
BRDA:22,0,1,0
BRF:2
BRH:0
end_of_record
TN:
SF:src\application\handlers\CreateTierHandler.ts
FN:8,(anonymous_0)
FN:13,(anonymous_1)
FNF:2
FNH:2
FNDA:2,(anonymous_0)
FNDA:3,(anonymous_1)
DA:1,2
DA:7,2
DA:9,2
DA:10,2
DA:14,3
DA:16,3
DA:28,3
DA:30,3
LF:8
LH:8
BRF:0
BRH:0
end_of_record
TN:
SF:src\application\handlers\SuspendTierHandler.ts
FN:9,(anonymous_0)
FN:15,(anonymous_1)
FNF:2
FNH:1
FNDA:1,(anonymous_0)
FNDA:0,(anonymous_1)
DA:1,1
DA:8,1
DA:10,1
DA:11,1
DA:12,1
DA:16,0
DA:18,0
DA:31,0
DA:33,0
LF:9
LH:5
BRDA:22,0,0,0
BRDA:22,0,1,0
BRF:2
BRH:0
end_of_record
TN:
SF:src\application\handlers\UpdateTierHandler.ts
FN:9,(anonymous_0)
FN:15,(anonymous_1)
FNF:2
FNH:1
FNDA:1,(anonymous_0)
FNDA:0,(anonymous_1)
DA:1,1
DA:8,1
DA:10,1
DA:11,1
DA:12,1
DA:16,0
DA:18,0
DA:31,0
DA:33,0
LF:9
LH:5
BRDA:22,0,0,0
BRDA:22,0,1,0
BRF:2
BRH:0
end_of_record
TN:
SF:src\application\handlers\index.ts
FNF:0
FNH:0
DA:1,1
DA:2,1
DA:3,1
DA:4,1
LF:4
LH:4
BRF:0
BRH:0
end_of_record
TN:
SF:src\application\wiring\index.ts
FN:17,(anonymous_0)
FN:23,(anonymous_1)
FNF:2
FNH:1
FNDA:0,(anonymous_0)
FNDA:3,(anonymous_1)
DA:1,1
DA:4,1
DA:18,0
DA:24,3
DA:29,1
DA:30,1
DA:31,1
DA:33,1
DA:38,1
DA:44,1
DA:50,1
LF:11
LH:10
BRF:0
BRH:0
end_of_record
TN:
SF:src\domain\guardian\GuardianError.ts
FN:2,(anonymous_0)
FNF:1
FNH:1
FNDA:21,(anonymous_0)
DA:1,13
DA:3,21
DA:6,21
DA:7,21
LF:4
LH:4
BRF:0
BRH:0
end_of_record
TN:
SF:src\domain\guardian\TierGuardian.ts
FN:13,(anonymous_0)
FN:27,(anonymous_1)
FNF:2
FNH:2
FNDA:3,(anonymous_0)
FNDA:10,(anonymous_1)
DA:2,3
DA:3,3
DA:4,3
DA:5,3
DA:6,3
DA:7,3
DA:8,3
DA:9,3
DA:10,3
DA:11,3
DA:13,3
DA:14,3
DA:28,10
DA:29,85
LF:14
LH:14
BRF:0
BRH:0
end_of_record
TN:
SF:src\domain\guardian\invariants\G01_UniqueTier.ts
FN:5,(anonymous_0)
FN:14,(anonymous_1)
FNF:2
FNH:2
FNDA:14,(anonymous_0)
FNDA:4,(anonymous_1)
DA:2,4
DA:4,4
DA:6,14
DA:8,5
DA:12,5
DA:14,4
DA:15,4
DA:18,4
DA:19,1
LF:9
LH:9
BRDA:6,0,0,9
BRDA:12,1,0,1
BRDA:12,2,0,5
BRDA:12,2,1,4
BRDA:18,3,0,1
BRF:5
BRH:5
end_of_record
TN:
SF:src\domain\guardian\invariants\G02_LegalIdentity.ts
FN:5,(anonymous_0)
FNF:1
FNH:1
FNDA:14,(anonymous_0)
DA:2,4
DA:4,4
DA:6,14
DA:7,14
DA:9,14
DA:10,3
LF:6
LH:6
BRDA:9,0,0,3
BRDA:9,1,0,14
BRDA:9,1,1,4
BRDA:9,1,2,2
BRF:4
BRH:4
end_of_record
TN:
SF:src\domain\guardian\invariants\G03_ValidRoles.ts
FN:13,(anonymous_0)
FNF:1
FNH:1
FNDA:14,(anonymous_0)
DA:2,4
DA:4,4
DA:12,4
DA:14,14
DA:16,14
DA:17,2
DA:23,12
DA:24,17
DA:25,1
LF:9
LH:9
BRDA:16,0,0,2
BRDA:16,1,0,14
BRDA:16,1,1,13
BRDA:24,2,0,1
BRF:4
BRH:4
end_of_record
TN:
SF:src\domain\guardian\invariants\G04_DocumentDriven.ts
FN:5,(anonymous_0)
FNF:1
FNH:1
FNDA:12,(anonymous_0)
DA:2,4
DA:4,4
DA:6,12
DA:7,1
LF:4
LH:4
BRDA:6,0,0,1
BRF:1
BRH:1
end_of_record
TN:
SF:src\domain\guardian\invariants\G05_DocumentState.ts
FN:5,(anonymous_0)
FNF:1
FNH:1
FNDA:12,(anonymous_0)
DA:2,4
DA:4,4
DA:6,12
DA:7,3
LF:4
LH:4
BRDA:6,0,0,3
BRF:1
BRH:1
end_of_record
TN:
SF:src\domain\guardian\invariants\G06_TierStatus.ts
FN:5,(anonymous_0)
FNF:1
FNH:1
FNDA:12,(anonymous_0)
DA:2,4
DA:4,4
DA:6,12
DA:7,1
LF:4
LH:4
BRDA:6,0,0,1
BRF:1
BRH:1
end_of_record
TN:
SF:src\domain\guardian\invariants\G07_AppendOnly.ts
FN:5,(anonymous_0)
FNF:1
FNH:1
FNDA:12,(anonymous_0)
DA:2,4
DA:4,4
DA:6,12
DA:7,1
LF:4
LH:4
BRDA:6,0,0,1
BRF:1
BRH:1
end_of_record
TN:
SF:src\domain\guardian\invariants\G08_TenantIsolation.ts
FN:5,(anonymous_0)
FNF:1
FNH:1
FNDA:11,(anonymous_0)
DA:2,4
DA:4,4
DA:6,11
DA:10,2
LF:4
LH:4
BRDA:6,0,0,2
BRDA:7,1,0,11
BRDA:7,1,1,4
BRF:3
BRH:3
end_of_record
TN:
SF:src\domain\guardian\invariants\G09_ActorRequired.ts
FN:5,(anonymous_0)
FNF:1
FNH:1
FNDA:11,(anonymous_0)
DA:2,4
DA:4,4
DA:6,11
DA:7,2
LF:4
LH:4
BRDA:6,0,0,2
BRF:1
BRH:1
end_of_record
TN:
SF:src\domain\guardian\invariants\G10_NoFinancialLogic.ts
FN:14,(anonymous_0)
FNF:1
FNH:1
FNDA:12,(anonymous_0)
DA:2,4
DA:4,4
DA:13,4
DA:15,12
DA:16,34
DA:17,4
LF:6
LH:6
BRDA:16,0,0,4
BRF:1
BRH:1
end_of_record
TN:
SF:src\read-models\index.ts
FNF:0
FNH:0
DA:1,3
DA:2,3
DA:3,3
DA:4,3
DA:5,3
LF:5
LH:5
BRF:0
BRH:0
end_of_record
TN:
SF:src\read-models\projections\TierAuditProjection.ts
FN:4,(anonymous_0)
FN:7,(anonymous_1)
FN:18,(anonymous_2)
FN:20,(anonymous_3)
FNF:4
FNH:4
FNDA:10,(anonymous_0)
FNDA:4,(anonymous_1)
FNDA:4,(anonymous_2)
FNDA:4,(anonymous_3)
DA:4,3
DA:5,10
DA:8,4
DA:19,4
DA:20,4
LF:5
LH:5
BRDA:20,0,0,4
BRDA:20,0,1,4
BRF:2
BRH:2
end_of_record
TN:
SF:src\read-models\projections\TierByRoleProjection.ts
FN:4,(anonymous_0)
FN:7,(anonymous_1)
FN:14,(anonymous_2)
FNF:3
FNH:1
FNDA:8,(anonymous_0)
FNDA:0,(anonymous_1)
FNDA:0,(anonymous_2)
DA:4,3
DA:5,8
DA:8,0
DA:15,0
LF:4
LH:2
BRDA:8,0,0,0
BRF:1
BRH:0
end_of_record
TN:
SF:src\read-models\projections\TierByStatusProjection.ts
FN:4,(anonymous_0)
FN:7,(anonymous_1)
FN:26,(anonymous_2)
FNF:3
FNH:3
FNDA:10,(anonymous_0)
FNDA:4,(anonymous_1)
FNDA:1,(anonymous_2)
DA:4,3
DA:5,10
DA:8,4
DA:10,4
DA:11,2
DA:19,4
DA:20,4
DA:22,4
DA:23,4
DA:27,1
LF:10
LH:10
BRDA:10,0,0,2
BRDA:20,1,0,0
BRDA:22,2,0,1
BRDA:23,3,0,1
BRF:4
BRH:3
end_of_record
TN:
SF:src\read-models\projections\TierContactProjection.ts
FN:4,(anonymous_0)
FN:7,(anonymous_1)
FN:16,(anonymous_2)
FNF:3
FNH:2
FNDA:8,(anonymous_0)
FNDA:0,(anonymous_1)
FNDA:2,(anonymous_2)
DA:4,3
DA:5,8
DA:8,0
DA:10,0
DA:17,2
LF:5
LH:3
BRDA:8,0,0,0
BRF:1
BRH:0
end_of_record
TN:
SF:src\read-models\projections\TierSummaryProjection.ts
FN:4,(anonymous_0)
FN:7,(anonymous_1)
FN:40,(anonymous_2)
FN:44,(anonymous_3)
FNF:4
FNH:4
FNDA:11,(anonymous_0)
FNDA:7,(anonymous_1)
FNDA:2,(anonymous_2)
FNDA:8,(anonymous_3)
DA:4,3
DA:5,11
DA:8,7
DA:9,7
DA:11,7
DA:12,3
DA:22,7
DA:23,7
DA:25,7
DA:26,0
DA:29,7
DA:30,2
DA:31,2
DA:34,7
DA:35,2
DA:36,2
DA:41,2
DA:45,8
LF:18
LH:17
BRDA:11,0,0,3
BRDA:23,1,0,0
BRDA:25,2,0,0
BRDA:29,3,0,2
BRDA:34,4,0,2
BRF:5
BRH:3
end_of_record
