TN:
SF:src\api\ImmobilisationApiWiring.ts
FN:5,buildImmobilisationReadController
FNF:1
FNH:0
FNDA:0,buildImmobilisationReadController
DA:2,0
DA:5,0
DA:8,0
LF:3
LH:0
BRF:0
BRH:0
end_of_record
TN:
SF:src\api\ImmobilisationReadController.ts
FN:7,(anonymous_0)
FN:11,(anonymous_1)
FN:18,(anonymous_2)
FN:38,(anonymous_3)
FN:45,(anonymous_4)
FN:52,(anonymous_5)
FNF:6
FNH:6
FNDA:7,(anonymous_0)
FNDA:1,(anonymous_1)
FNDA:3,(anonymous_2)
FNDA:1,(anonymous_3)
FNDA:1,(anonymous_4)
FNDA:2,(anonymous_5)
DA:6,1
DA:8,7
DA:14,1
DA:15,1
DA:21,3
DA:22,3
DA:23,1
DA:26,2
DA:31,2
DA:32,1
DA:35,1
DA:41,1
DA:42,1
DA:48,1
DA:49,1
DA:55,2
DA:61,2
DA:62,1
DA:65,1
DA:70,1
LF:20
LH:20
BRDA:22,0,0,1
BRDA:31,1,0,1
BRDA:61,2,0,1
BRF:3
BRH:3
end_of_record
TN:
SF:src\api\index.ts
FNF:0
FNH:0
DA:2,0
DA:3,0
DA:4,0
LF:3
LH:0
BRF:0
BRH:0
end_of_record
TN:
SF:src\application\index.ts
FNF:0
FNH:0
DA:1,0
DA:2,0
LF:2
LH:0
BRF:0
BRH:0
end_of_record
TN:
SF:src\application\handlers\DisposeImmobilisationHandler.ts
FN:6,(anonymous_0)
FN:11,(anonymous_1)
FNF:2
FNH:0
FNDA:0,(anonymous_0)
FNDA:0,(anonymous_1)
DA:5,0
DA:7,0
DA:8,0
DA:14,0
DA:19,0
LF:5
LH:0
BRF:0
BRH:0
end_of_record
TN:
SF:src\application\handlers\PutImmobilisationInServiceHandler.ts
FN:6,(anonymous_0)
FN:11,(anonymous_1)
FNF:2
FNH:0
FNDA:0,(anonymous_0)
FNDA:0,(anonymous_1)
DA:5,0
DA:7,0
DA:8,0
DA:14,0
DA:19,0
LF:5
LH:0
BRF:0
BRH:0
end_of_record
TN:
SF:src\application\handlers\RegisterImmobilisationHandler.ts
FN:6,(anonymous_0)
FN:11,(anonymous_1)
FNF:2
FNH:0
FNDA:0,(anonymous_0)
FNDA:0,(anonymous_1)
DA:5,0
DA:7,0
DA:8,0
DA:12,0
DA:17,0
LF:5
LH:0
BRF:0
BRH:0
end_of_record
TN:
SF:src\application\handlers\index.ts
FNF:0
FNH:0
DA:1,0
DA:2,0
DA:3,0
LF:3
LH:0
BRF:0
BRH:0
end_of_record
TN:
SF:src\application\ports\index.ts
FNF:0
FNH:0
DA:1,0
LF:1
LH:0
BRF:0
BRH:0
end_of_record
TN:
SF:src\guardian\GuardianError.ts
FN:5,(anonymous_0)
FNF:1
FNH:1
FNDA:6,(anonymous_0)
DA:4,1
DA:6,6
DA:7,6
LF:3
LH:3
BRF:0
BRH:0
end_of_record
TN:
SF:src\guardian\ImmobilisationGuardian.ts
FN:8,(anonymous_0)
FN:21,(anonymous_1)
FN:32,(anonymous_2)
FN:45,(anonymous_3)
FN:51,(anonymous_4)
FN:57,(anonymous_5)
FN:63,(anonymous_6)
FN:69,(anonymous_7)
FN:75,(anonymous_8)
FN:81,(anonymous_9)
FN:87,(anonymous_10)
FN:93,(anonymous_11)
FN:104,(anonymous_12)
FN:110,(anonymous_13)
FN:116,(anonymous_14)
FNF:15
FNH:15
FNDA:6,(anonymous_0)
FNDA:2,(anonymous_1)
FNDA:2,(anonymous_2)
FNDA:10,(anonymous_3)
FNDA:9,(anonymous_4)
FNDA:4,(anonymous_5)
FNDA:4,(anonymous_6)
FNDA:3,(anonymous_7)
FNDA:2,(anonymous_8)
FNDA:2,(anonymous_9)
FNDA:4,(anonymous_10)
FNDA:2,(anonymous_11)
FNDA:1,(anonymous_12)
FNDA:2,(anonymous_13)
FNDA:2,(anonymous_14)
DA:4,1
DA:7,1
DA:12,6
DA:13,5
DA:14,4
DA:15,4
DA:16,3
DA:17,2
DA:18,2
DA:25,2
DA:26,2
DA:27,2
DA:28,2
DA:29,1
DA:36,2
DA:37,2
DA:38,2
DA:39,2
DA:40,2
DA:46,10
DA:47,1
DA:52,9
DA:53,1
DA:58,4
DA:59,0
DA:64,4
DA:65,1
DA:70,3
DA:71,1
DA:76,2
DA:77,0
DA:82,2
DA:83,0
DA:88,4
DA:89,0
DA:94,2
DA:98,1
DA:105,1
DA:106,0
DA:111,2
DA:112,0
DA:117,2
DA:121,1
LF:43
LH:37
BRDA:46,0,0,1
BRDA:52,1,0,1
BRDA:58,2,0,0
BRDA:64,3,0,1
BRDA:70,4,0,1
BRDA:76,5,0,0
BRDA:82,6,0,0
BRDA:88,7,0,0
BRDA:94,8,0,1
BRDA:105,9,0,0
BRDA:111,10,0,0
BRDA:117,11,0,1
BRF:12
BRH:6
end_of_record
TN:
SF:src\guardian\index.ts
FN:4,(anonymous_0)
FN:5,(anonymous_1)
FNF:2
FNH:0
FNDA:0,(anonymous_0)
FNDA:0,(anonymous_1)
DA:4,0
DA:5,0
LF:2
LH:0
BRF:0
BRH:0
end_of_record
TN:
SF:src\read-models\ImmobilisationProjection.ts
FN:17,(anonymous_0)
FN:20,(anonymous_1)
FN:49,(anonymous_2)
FNF:3
FNH:3
FNDA:7,(anonymous_0)
FNDA:35,(anonymous_1)
FNDA:7,(anonymous_2)
DA:17,1
DA:18,7
DA:21,35
DA:23,35
DA:25,21
DA:29,21
DA:32,7
DA:37,7
DA:40,7
DA:45,7
DA:50,7
LF:11
LH:11
BRDA:23,0,0,21
BRDA:23,0,1,7
BRDA:23,0,2,7
BRF:3
BRH:3
end_of_record
TN:
SF:src\read-models\InMemoryImmobilisationReadRepository.ts
FN:7,(anonymous_0)
FN:9,(anonymous_1)
FN:10,(anonymous_2)
FN:13,(anonymous_3)
FN:19,(anonymous_4)
FN:26,(anonymous_5)
FN:28,(anonymous_6)
FN:32,(anonymous_7)
FN:34,(anonymous_8)
FN:38,(anonymous_9)
FN:43,(anonymous_10)
FNF:11
FNH:11
FNDA:7,(anonymous_0)
FNDA:1,(anonymous_1)
FNDA:3,(anonymous_2)
FNDA:2,(anonymous_3)
FNDA:4,(anonymous_4)
FNDA:1,(anonymous_5)
FNDA:3,(anonymous_6)
FNDA:1,(anonymous_7)
FNDA:3,(anonymous_8)
FNDA:1,(anonymous_9)
FNDA:3,(anonymous_10)
DA:4,1
DA:7,7
DA:10,3
DA:17,2
DA:20,4
DA:27,1
DA:28,3
DA:33,1
DA:34,3
DA:42,1
DA:44,3
LF:11
LH:11
BRDA:18,0,0,2
BRDA:18,0,1,1
BRDA:20,1,0,4
BRDA:20,1,1,3
BRDA:28,2,0,3
BRDA:28,2,1,2
BRDA:34,3,0,3
BRDA:34,3,1,1
BRDA:44,4,0,3
BRDA:44,4,1,2
BRF:10
BRH:10
end_of_record
TN:
SF:src\read-models\index.ts
FNF:0
FNH:0
DA:1,0
DA:2,0
DA:3,0
DA:4,0
LF:4
LH:0
BRF:0
BRH:0
end_of_record
TN:
SF:src\read-models\ports\index.ts
FNF:0
FNH:0
DA:1,0
LF:1
LH:0
BRF:0
BRH:0
end_of_record
