TN:
SF:src\api\StockApiWiring.ts
FN:7,createStockReadApi
FNF:1
FNH:1
FNDA:7,createStockReadApi
DA:3,2
DA:4,2
DA:5,2
DA:7,2
DA:10,7
DA:12,7
DA:13,11
DA:16,7
DA:21,7
LF:9
LH:9
BRF:0
BRH:0
end_of_record
TN:
SF:src\api\StockReadController.ts
FN:11,(anonymous_0)
FN:15,(anonymous_1)
FN:22,(anonymous_2)
FN:29,(anonymous_3)
FN:36,(anonymous_4)
FNF:5
FNH:5
FNDA:7,(anonymous_0)
FNDA:4,(anonymous_1)
FNDA:2,(anonymous_2)
FNDA:2,(anonymous_3)
FNDA:1,(anonymous_4)
DA:10,2
DA:12,7
DA:18,4
DA:19,4
DA:25,2
DA:26,2
DA:32,2
DA:33,2
DA:39,1
DA:40,1
LF:10
LH:10
BRF:0
BRH:0
end_of_record
TN:
SF:src\api\index.ts
FN:3,(anonymous_0)
FN:4,(anonymous_1)
FNF:2
FNH:2
FNDA:1,(anonymous_0)
FNDA:1,(anonymous_1)
DA:3,2
DA:4,2
LF:2
LH:2
BRF:0
BRH:0
end_of_record
TN:
SF:src\guardian\GuardianError.ts
FN:4,(anonymous_0)
FNF:1
FNH:1
FNDA:13,(anonymous_0)
DA:3,3
DA:5,13
DA:6,13
LF:3
LH:3
BRF:0
BRH:0
end_of_record
TN:
SF:src\guardian\StockGuardian.ts
FN:10,(anonymous_0)
FN:27,(anonymous_1)
FN:36,(anonymous_2)
FN:45,(anonymous_3)
FN:51,(anonymous_4)
FN:57,(anonymous_5)
FN:63,(anonymous_6)
FN:69,(anonymous_7)
FN:75,(anonymous_8)
FN:84,(anonymous_9)
FN:99,(anonymous_10)
FNF:11
FNH:11
FNDA:18,(anonymous_0)
FNDA:18,(anonymous_1)
FNDA:17,(anonymous_2)
FNDA:15,(anonymous_3)
FNDA:14,(anonymous_4)
FNDA:13,(anonymous_5)
FNDA:11,(anonymous_6)
FNDA:10,(anonymous_7)
FNDA:9,(anonymous_8)
FNDA:8,(anonymous_9)
FNDA:6,(anonymous_10)
DA:3,3
DA:9,3
DA:11,18
DA:12,17
DA:13,15
DA:14,14
DA:15,13
DA:16,11
DA:17,10
DA:18,9
DA:19,8
DA:20,6
DA:31,18
DA:32,1
DA:37,17
DA:38,1
DA:40,16
DA:41,1
DA:46,15
DA:47,1
DA:52,14
DA:53,1
DA:58,13
DA:59,2
DA:64,11
DA:65,1
DA:70,10
DA:71,1
DA:77,9
DA:78,1
DA:85,8
DA:86,4
DA:87,1
DA:91,3
DA:92,1
DA:100,6
DA:108,6
DA:109,26
DA:110,1
LF:39
LH:39
BRDA:31,0,0,1
BRDA:31,0,1,17
BRDA:37,1,0,1
BRDA:37,1,1,16
BRDA:40,2,0,1
BRDA:40,2,1,15
BRDA:46,3,0,1
BRDA:46,3,1,14
BRDA:52,4,0,1
BRDA:52,4,1,13
BRDA:58,5,0,2
BRDA:58,5,1,11
BRDA:64,6,0,1
BRDA:64,6,1,10
BRDA:70,7,0,1
BRDA:70,7,1,9
BRDA:77,8,0,1
BRDA:77,8,1,8
BRDA:77,9,0,9
BRDA:77,9,1,1
BRDA:85,10,0,4
BRDA:85,10,1,4
BRDA:86,11,0,1
BRDA:86,11,1,3
BRDA:91,12,0,1
BRDA:91,12,1,2
BRDA:109,13,0,1
BRDA:109,13,1,25
BRF:28
BRH:28
end_of_record
TN:
SF:src\guardian\index.ts
FN:3,(anonymous_0)
FN:4,(anonymous_1)
FNF:2
FNH:2
FNDA:1,(anonymous_0)
FNDA:1,(anonymous_1)
DA:3,2
DA:4,2
LF:2
LH:2
BRF:0
BRH:0
end_of_record
TN:
SF:src\read-models\index.ts
FN:3,(anonymous_0)
FN:4,(anonymous_1)
FNF:2
FNH:2
FNDA:1,(anonymous_0)
FNDA:1,(anonymous_1)
DA:3,2
DA:4,2
LF:2
LH:2
BRF:0
BRH:0
end_of_record
TN:
SF:src\read-models\projections\StockProjection.ts
FN:11,(anonymous_0)
FN:15,(anonymous_1)
FN:36,(anonymous_2)
FN:40,(anonymous_3)
FN:55,(anonymous_4)
FN:70,(anonymous_5)
FN:74,(anonymous_6)
FNF:7
FNH:7
FNDA:7,(anonymous_0)
FNDA:11,(anonymous_1)
FNDA:12,(anonymous_2)
FNDA:10,(anonymous_3)
FNDA:2,(anonymous_4)
FNDA:7,(anonymous_5)
FNDA:7,(anonymous_6)
DA:11,2
DA:12,7
DA:13,7
DA:16,11
DA:17,11
DA:19,11
DA:22,9
DA:23,9
DA:26,1
DA:27,1
DA:30,1
DA:31,1
DA:32,1
DA:37,12
DA:41,10
DA:42,10
DA:44,10
DA:46,10
DA:56,2
DA:57,2
DA:59,2
DA:61,2
DA:71,7
DA:75,7
LF:24
LH:24
BRDA:19,0,0,8
BRDA:19,0,1,9
BRDA:19,0,2,1
BRDA:19,0,3,1
BRDA:44,1,0,10
BRDA:44,1,1,9
BRDA:59,2,0,2
BRDA:59,2,1,0
BRF:8
BRH:7
end_of_record
TN:
SF:src\read-models\repositories\InMemoryStockReadRepository.ts
FN:9,(anonymous_0)
FN:14,(anonymous_1)
FN:18,(anonymous_2)
FN:22,(anonymous_3)
FN:26,(anonymous_4)
FN:30,(anonymous_5)
FN:34,(anonymous_6)
FN:38,(anonymous_7)
FN:42,(anonymous_8)
FNF:9
FNH:9
FNDA:7,(anonymous_0)
FNDA:4,(anonymous_1)
FNDA:5,(anonymous_2)
FNDA:2,(anonymous_3)
FNDA:3,(anonymous_4)
FNDA:2,(anonymous_5)
FNDA:3,(anonymous_6)
FNDA:1,(anonymous_7)
FNDA:1,(anonymous_8)
DA:6,2
DA:10,7
DA:11,7
DA:17,4
DA:18,5
DA:25,2
DA:26,3
DA:33,2
DA:34,3
DA:41,1
DA:42,1
LF:11
LH:11
BRF:0
BRH:0
end_of_record
