TN:
SF:src\api\CostStructureReadController.ts
FN:29,(anonymous_0)
FN:61,(anonymous_1)
FN:96,(anonymous_2)
FN:127,(anonymous_3)
FNF:4
FNH:4
FNDA:4,(anonymous_0)
FNDA:3,(anonymous_1)
FNDA:2,(anonymous_2)
FNDA:1,(anonymous_3)
DA:24,1
DA:31,4
DA:55,4
DA:63,3
DA:90,3
DA:98,2
DA:128,1
LF:7
LH:7
BRF:0
BRH:0
end_of_record
TN:
SF:src\guardian\CostStructureGuardian.ts
FN:13,(anonymous_0)
FN:53,(anonymous_1)
FN:59,(anonymous_2)
FN:60,(anonymous_3)
FN:66,(anonymous_4)
FN:67,(anonymous_5)
FN:73,(anonymous_6)
FN:80,(anonymous_7)
FN:83,(anonymous_8)
FN:93,(anonymous_9)
FN:102,(anonymous_10)
FN:104,(anonymous_11)
FN:110,(anonymous_12)
FN:112,(anonymous_13)
FN:114,(anonymous_14)
FN:121,(anonymous_15)
FN:123,(anonymous_16)
FN:125,(anonymous_17)
FN:132,(anonymous_18)
FN:134,(anonymous_19)
FN:142,(anonymous_20)
FN:150,(anonymous_21)
FN:158,(anonymous_22)
FN:160,(anonymous_23)
FN:161,(anonymous_24)
FN:178,(anonymous_25)
FN:186,(anonymous_26)
FN:195,(anonymous_27)
FN:197,(anonymous_28)
FN:203,(anonymous_29)
FN:210,(anonymous_30)
FN:222,(anonymous_31)
FN:229,(anonymous_32)
FN:231,(anonymous_33)
FN:234,(anonymous_34)
FN:243,(anonymous_35)
FN:250,(anonymous_36)
FN:257,(anonymous_37)
FN:259,(anonymous_38)
FN:265,(anonymous_39)
FN:272,(anonymous_40)
FNF:41
FNH:40
FNDA:26,(anonymous_0)
FNDA:26,(anonymous_1)
FNDA:24,(anonymous_2)
FNDA:42,(anonymous_3)
FNDA:39,(anonymous_4)
FNDA:77,(anonymous_5)
FNDA:22,(anonymous_6)
FNDA:21,(anonymous_7)
FNDA:41,(anonymous_8)
FNDA:21,(anonymous_9)
FNDA:20,(anonymous_10)
FNDA:35,(anonymous_11)
FNDA:20,(anonymous_12)
FNDA:35,(anonymous_13)
FNDA:28,(anonymous_14)
FNDA:19,(anonymous_15)
FNDA:38,(anonymous_16)
FNDA:18,(anonymous_17)
FNDA:18,(anonymous_18)
FNDA:32,(anonymous_19)
FNDA:18,(anonymous_20)
FNDA:17,(anonymous_21)
FNDA:16,(anonymous_22)
FNDA:32,(anonymous_23)
FNDA:66,(anonymous_24)
FNDA:16,(anonymous_25)
FNDA:15,(anonymous_26)
FNDA:14,(anonymous_27)
FNDA:24,(anonymous_28)
FNDA:13,(anonymous_29)
FNDA:13,(anonymous_30)
FNDA:12,(anonymous_31)
FNDA:11,(anonymous_32)
FNDA:22,(anonymous_33)
FNDA:0,(anonymous_34)
FNDA:11,(anonymous_35)
FNDA:10,(anonymous_36)
FNDA:9,(anonymous_37)
FNDA:18,(anonymous_38)
FNDA:9,(anonymous_39)
FNDA:9,(anonymous_40)
DA:6,1
DA:8,1
DA:15,26
DA:16,24
DA:17,23
DA:18,22
DA:19,21
DA:22,21
DA:23,20
DA:24,20
DA:25,19
DA:26,18
DA:29,18
DA:30,17
DA:31,16
DA:32,16
DA:33,16
DA:34,15
DA:37,14
DA:38,13
DA:39,13
DA:40,12
DA:41,11
DA:44,11
DA:45,10
DA:46,9
DA:47,9
DA:48,9
DA:54,26
DA:55,2
DA:60,42
DA:61,24
DA:62,1
DA:67,77
DA:68,39
DA:69,1
DA:75,22
DA:76,1
DA:82,21
DA:83,21
DA:84,41
DA:85,41
DA:86,41
DA:94,21
DA:95,21
DA:96,36
DA:97,1
DA:104,35
DA:105,20
DA:106,0
DA:112,35
DA:113,20
DA:114,28
DA:115,15
DA:116,1
DA:123,38
DA:124,19
DA:125,18
DA:126,18
DA:127,1
DA:134,32
DA:135,18
DA:136,0
DA:143,18
DA:144,35
DA:145,1
DA:151,17
DA:152,33
DA:153,1
DA:160,16
DA:161,66
DA:163,16
DA:165,0
DA:166,0
DA:167,0
DA:168,0
DA:170,0
DA:172,0
DA:173,0
DA:180,16
DA:181,16
DA:182,1
DA:188,15
DA:189,1
DA:197,24
DA:198,14
DA:199,1
DA:205,13
DA:206,0
DA:212,13
DA:213,23
DA:214,10
DA:215,10
DA:216,1
DA:224,12
DA:225,1
DA:231,22
DA:232,11
DA:234,0
DA:235,0
DA:236,0
DA:245,11
DA:246,1
DA:252,10
DA:253,1
DA:259,18
DA:260,9
DA:261,0
DA:267,9
DA:268,0
DA:274,9
DA:275,0
LF:112
LH:96
BRDA:54,0,0,2
BRDA:61,1,0,1
BRDA:68,2,0,1
BRDA:75,3,0,1
BRDA:75,4,0,22
BRDA:75,4,1,22
BRDA:84,5,0,41
BRDA:84,5,1,41
BRDA:96,6,0,1
BRDA:105,7,0,0
BRDA:105,8,0,20
BRDA:105,8,1,2
BRDA:113,9,0,15
BRDA:115,10,0,1
BRDA:124,11,0,18
BRDA:126,12,0,1
BRDA:135,13,0,0
BRDA:144,14,0,1
BRDA:144,15,0,35
BRDA:144,15,1,34
BRDA:152,16,0,1
BRDA:152,17,0,33
BRDA:152,17,1,32
BRDA:161,18,0,66
BRDA:161,18,1,0
BRDA:163,19,0,0
BRDA:172,20,0,0
BRDA:181,21,0,1
BRDA:188,22,0,1
BRDA:188,23,0,15
BRDA:188,23,1,14
BRDA:197,24,0,24
BRDA:197,24,1,1
BRDA:198,25,0,1
BRDA:205,26,0,0
BRDA:205,27,0,13
BRDA:205,27,1,13
BRDA:213,28,0,10
BRDA:213,29,0,23
BRDA:213,29,1,10
BRDA:215,30,0,1
BRDA:215,31,0,10
BRDA:215,31,1,10
BRDA:224,32,0,1
BRDA:224,33,0,12
BRDA:224,33,1,11
BRDA:232,34,0,0
BRDA:235,35,0,0
BRDA:245,36,0,1
BRDA:252,37,0,1
BRDA:259,38,0,18
BRDA:259,38,1,18
BRDA:260,39,0,0
BRDA:267,40,0,0
BRDA:267,41,0,9
BRDA:267,41,1,9
BRDA:274,42,0,0
BRF:57
BRH:46
end_of_record
