TN:
SF:src\api\controllers\DeliveriesController.ts
FN:4,(anonymous_0)
FN:6,(anonymous_1)
FN:16,(anonymous_2)
FNF:3
FNH:3
FNDA:3,(anonymous_0)
FNDA:1,(anonymous_1)
FNDA:1,(anonymous_2)
DA:3,1
DA:4,3
DA:7,1
DA:9,1
DA:10,0
DA:11,0
DA:14,1
DA:16,1
LF:8
LH:6
BRDA:9,0,0,0
BRF:1
BRH:0
end_of_record
TN:
SF:src\api\controllers\InvoicesController.ts
FN:4,(anonymous_0)
FN:6,(anonymous_1)
FN:16,(anonymous_2)
FNF:3
FNH:3
FNDA:3,(anonymous_0)
FNDA:1,(anonymous_1)
FNDA:1,(anonymous_2)
DA:3,1
DA:4,3
DA:7,1
DA:9,1
DA:10,0
DA:11,0
DA:14,1
DA:16,1
LF:8
LH:6
BRDA:9,0,0,0
BRF:1
BRH:0
end_of_record
TN:
SF:src\api\controllers\OrdersController.ts
FN:4,(anonymous_0)
FN:6,(anonymous_1)
FN:16,(anonymous_2)
FNF:3
FNH:3
FNDA:3,(anonymous_0)
FNDA:1,(anonymous_1)
FNDA:1,(anonymous_2)
DA:3,1
DA:4,3
DA:7,1
DA:9,1
DA:10,0
DA:11,0
DA:14,1
DA:16,1
LF:8
LH:6
BRDA:9,0,0,0
BRF:1
BRH:0
end_of_record
TN:
SF:src\api\controllers\QuotesController.ts
FN:4,(anonymous_0)
FN:6,(anonymous_1)
FN:16,(anonymous_2)
FNF:3
FNH:3
FNDA:3,(anonymous_0)
FNDA:3,(anonymous_1)
FNDA:1,(anonymous_2)
DA:3,1
DA:4,3
DA:7,3
DA:9,3
DA:10,1
DA:11,1
DA:14,2
DA:16,2
LF:8
LH:8
BRDA:9,0,0,1
BRF:1
BRH:1
end_of_record
TN:
SF:src\api\routes\vente.routes.ts
FN:7,venteRoutes
FNF:1
FNH:1
FNDA:3,venteRoutes
DA:1,1
DA:7,1
DA:13,3
DA:16,3
DA:19,3
DA:22,3
DA:25,3
DA:27,3
LF:8
LH:8
BRF:0
BRH:0
end_of_record
TN:
SF:src\application\handlers\CreateDeliveryNoteHandler.ts
FN:6,(anonymous_0)
FN:8,(anonymous_1)
FNF:2
FNH:0
FNDA:0,(anonymous_0)
FNDA:0,(anonymous_1)
DA:1,0
DA:5,0
DA:6,0
DA:9,0
DA:11,0
DA:18,0
LF:6
LH:0
BRF:0
BRH:0
end_of_record
TN:
SF:src\application\handlers\CreateInvoiceHandler.ts
FN:6,(anonymous_0)
FN:8,(anonymous_1)
FNF:2
FNH:0
FNDA:0,(anonymous_0)
FNDA:0,(anonymous_1)
DA:1,0
DA:5,0
DA:6,0
DA:9,0
DA:11,0
DA:18,0
LF:6
LH:0
BRF:0
BRH:0
end_of_record
TN:
SF:src\application\handlers\CreateOrderHandler.ts
FN:6,(anonymous_0)
FN:8,(anonymous_1)
FNF:2
FNH:0
FNDA:0,(anonymous_0)
FNDA:0,(anonymous_1)
DA:1,0
DA:5,0
DA:6,0
DA:9,0
DA:11,0
DA:18,0
LF:6
LH:0
BRF:0
BRH:0
end_of_record
TN:
SF:src\application\handlers\CreateQuoteHandler.ts
FN:6,(anonymous_0)
FN:8,(anonymous_1)
FNF:2
FNH:0
FNDA:0,(anonymous_0)
FNDA:0,(anonymous_1)
DA:1,0
DA:5,0
DA:6,0
DA:9,0
DA:11,0
DA:18,0
LF:6
LH:0
BRF:0
BRH:0
end_of_record
TN:
SF:src\application\handlers\ValidateDeliveryNoteHandler.ts
FN:6,(anonymous_0)
FN:8,(anonymous_1)
FNF:2
FNH:0
FNDA:0,(anonymous_0)
FNDA:0,(anonymous_1)
DA:1,0
DA:5,0
DA:6,0
DA:9,0
DA:14,0
DA:21,0
LF:6
LH:0
BRF:0
BRH:0
end_of_record
TN:
SF:src\application\handlers\ValidateInvoiceHandler.ts
FN:6,(anonymous_0)
FN:8,(anonymous_1)
FNF:2
FNH:0
FNDA:0,(anonymous_0)
FNDA:0,(anonymous_1)
DA:1,0
DA:5,0
DA:6,0
DA:9,0
DA:14,0
DA:21,0
LF:6
LH:0
BRF:0
BRH:0
end_of_record
TN:
SF:src\application\handlers\ValidateOrderHandler.ts
FN:6,(anonymous_0)
FN:8,(anonymous_1)
FNF:2
FNH:0
FNDA:0,(anonymous_0)
FNDA:0,(anonymous_1)
DA:1,0
DA:5,0
DA:6,0
DA:9,0
DA:14,0
DA:21,0
LF:6
LH:0
BRF:0
BRH:0
end_of_record
TN:
SF:src\application\handlers\ValidateQuoteHandler.ts
FN:6,(anonymous_0)
FN:8,(anonymous_1)
FNF:2
FNH:0
FNDA:0,(anonymous_0)
FNDA:0,(anonymous_1)
DA:1,0
DA:5,0
DA:6,0
DA:9,0
DA:14,0
DA:21,0
LF:6
LH:0
BRF:0
BRH:0
end_of_record
TN:
SF:src\guardian\VenteGuardian.ts
FN:13,(anonymous_0)
FN:19,(anonymous_1)
FN:25,(anonymous_2)
FN:31,(anonymous_3)
FN:41,(anonymous_4)
FN:51,(anonymous_5)
FN:62,(anonymous_6)
FN:75,(anonymous_7)
FN:86,(anonymous_8)
FN:99,(anonymous_9)
FN:110,(anonymous_10)
FN:123,(anonymous_11)
FN:138,(anonymous_12)
FN:148,(anonymous_13)
FN:155,(anonymous_14)
FNF:15
FNH:11
FNDA:12,(anonymous_0)
FNDA:9,(anonymous_1)
FNDA:2,(anonymous_2)
FNDA:0,(anonymous_3)
FNDA:4,(anonymous_4)
FNDA:2,(anonymous_5)
FNDA:2,(anonymous_6)
FNDA:0,(anonymous_7)
FNDA:2,(anonymous_8)
FNDA:0,(anonymous_9)
FNDA:2,(anonymous_10)
FNDA:0,(anonymous_11)
FNDA:3,(anonymous_12)
FNDA:10,(anonymous_13)
FNDA:2,(anonymous_14)
DA:1,1
DA:8,1
DA:14,12
DA:15,1
DA:20,9
DA:21,1
DA:26,2
DA:27,1
DA:32,0
DA:33,0
DA:46,4
DA:47,3
DA:48,2
DA:55,2
DA:57,2
DA:58,1
DA:67,2
DA:68,2
DA:70,2
DA:71,1
DA:79,0
DA:81,0
DA:82,0
DA:91,2
DA:92,2
DA:94,2
DA:95,1
DA:103,0
DA:105,0
DA:106,0
DA:115,2
DA:116,2
DA:118,2
DA:119,1
DA:127,0
DA:129,0
DA:130,0
DA:139,3
DA:148,3
DA:149,10
DA:150,2
DA:156,2
DA:157,1
LF:43
LH:32
BRDA:14,0,0,1
BRDA:14,1,0,12
BRDA:14,1,1,11
BRDA:20,2,0,1
BRDA:26,3,0,1
BRDA:26,4,0,2
BRDA:26,4,1,2
BRDA:32,5,0,0
BRDA:57,6,0,1
BRDA:70,7,0,1
BRDA:81,8,0,0
BRDA:94,9,0,1
BRDA:105,10,0,0
BRDA:118,11,0,1
BRDA:129,12,0,0
BRDA:149,13,0,2
BRDA:156,14,0,1
BRF:17
BRH:13
end_of_record
TN:
SF:src\guardian\errors.ts
FN:2,(anonymous_0)
FNF:1
FNH:1
FNDA:10,(anonymous_0)
DA:1,1
DA:3,10
DA:6,10
DA:7,10
LF:4
LH:4
BRDA:6,0,0,10
BRDA:6,0,1,10
BRF:2
BRH:2
end_of_record
TN:
SF:src\read-models\handlers\DeliveryProjectionHandler.ts
FN:5,(anonymous_0)
FN:7,(anonymous_1)
FN:17,(anonymous_2)
FNF:3
FNH:0
FNDA:0,(anonymous_0)
FNDA:0,(anonymous_1)
FNDA:0,(anonymous_2)
DA:4,0
DA:5,0
DA:8,0
DA:18,0
LF:4
LH:0
BRF:0
BRH:0
end_of_record
TN:
SF:src\read-models\handlers\InvoiceProjectionHandler.ts
FN:5,(anonymous_0)
FN:7,(anonymous_1)
FN:18,(anonymous_2)
FNF:3
FNH:0
FNDA:0,(anonymous_0)
FNDA:0,(anonymous_1)
FNDA:0,(anonymous_2)
DA:4,0
DA:5,0
DA:8,0
DA:19,0
LF:4
LH:0
BRF:0
BRH:0
end_of_record
TN:
SF:src\read-models\handlers\OrderProjectionHandler.ts
FN:5,(anonymous_0)
FN:7,(anonymous_1)
FN:17,(anonymous_2)
FNF:3
FNH:0
FNDA:0,(anonymous_0)
FNDA:0,(anonymous_1)
FNDA:0,(anonymous_2)
DA:4,0
DA:5,0
DA:8,0
DA:18,0
LF:4
LH:0
BRF:0
BRH:0
end_of_record
TN:
SF:src\read-models\handlers\QuoteProjectionHandler.ts
FN:5,(anonymous_0)
FN:7,(anonymous_1)
FN:16,(anonymous_2)
FNF:3
FNH:0
FNDA:0,(anonymous_0)
FNDA:0,(anonymous_1)
FNDA:0,(anonymous_2)
DA:4,0
DA:5,0
DA:8,0
DA:17,0
LF:4
LH:0
BRF:0
BRH:0
end_of_record
