{"C:\\Users\\henry\\Desktop\\SPOFE-APP VERS 1.0\\cascade\\modules\\gestion-tiers\\src\\domain\\guardian\\GuardianError.ts": {"path":"C:\\Users\\henry\\Desktop\\SPOFE-APP VERS 1.0\\cascade\\modules\\gestion-tiers\\src\\domain\\guardian\\GuardianError.ts","statementMap":{"0":{"start":{"line":6,"column":4},"end":{"line":6,"column":19}},"1":{"start":{"line":3,"column":20},"end":{"line":3,"column":32}},"2":{"start":{"line":7,"column":4},"end":{"line":7,"column":57}},"3":{"start":{"line":1,"column":0},"end":{"line":1,"column":13}}},"fnMap":{"0":{"name":"(anonymous_0)","decl":{"start":{"line":2,"column":2},"end":{"line":2,"column":null}},"loc":{"start":{"line":4,"column":19},"end":{"line":8,"column":3}}}},"branchMap":{},"s":{"0":21,"1":21,"2":21,"3":11},"f":{"0":21},"b":{}}
,"C:\\Users\\henry\\Desktop\\SPOFE-APP VERS 1.0\\cascade\\modules\\gestion-tiers\\src\\domain\\guardian\\TierGuardian.ts": {"path":"C:\\Users\\henry\\Desktop\\SPOFE-APP VERS 1.0\\cascade\\modules\\gestion-tiers\\src\\domain\\guardian\\TierGuardian.ts","statementMap":{"0":{"start":{"line":2,"column":0},"end":{"line":2,"column":61}},"1":{"start":{"line":3,"column":0},"end":{"line":3,"column":67}},"2":{"start":{"line":4,"column":0},"end":{"line":4,"column":61}},"3":{"start":{"line":5,"column":0},"end":{"line":5,"column":69}},"4":{"start":{"line":6,"column":0},"end":{"line":6,"column":67}},"5":{"start":{"line":7,"column":0},"end":{"line":7,"column":61}},"6":{"start":{"line":8,"column":0},"end":{"line":8,"column":61}},"7":{"start":{"line":9,"column":0},"end":{"line":9,"column":71}},"8":{"start":{"line":10,"column":0},"end":{"line":10,"column":67}},"9":{"start":{"line":11,"column":0},"end":{"line":11,"column":73}},"10":{"start":{"line":14,"column":19},"end":{"line":25,"column":4}},"11":{"start":{"line":28,"column":4},"end":{"line":30,"column":5}},"12":{"start":{"line":29,"column":6},"end":{"line":29,"column":34}},"13":{"start":{"line":13,"column":0},"end":{"line":13,"column":13}}},"fnMap":{"0":{"name":"(anonymous_0)","decl":{"start":{"line":13,"column":0},"end":{"line":13,"column":13}},"loc":{"start":{"line":13,"column":0},"end":{"line":32,"column":1}}},"1":{"name":"(anonymous_1)","decl":{"start":{"line":27,"column":2},"end":{"line":27,"column":10}},"loc":{"start":{"line":27,"column":35},"end":{"line":31,"column":3}}}},"branchMap":{},"s":{"0":1,"1":1,"2":1,"3":1,"4":1,"5":1,"6":1,"7":1,"8":1,"9":1,"10":1,"11":7,"12":55,"13":1},"f":{"0":1,"1":7},"b":{}}
,"C:\\Users\\henry\\Desktop\\SPOFE-APP VERS 1.0\\cascade\\modules\\gestion-tiers\\src\\domain\\guardian\\invariants\\G01_UniqueTier.ts": {"path":"C:\\Users\\henry\\Desktop\\SPOFE-APP VERS 1.0\\cascade\\modules\\gestion-tiers\\src\\domain\\guardian\\invariants\\G01_UniqueTier.ts","statementMap":{"0":{"start":{"line":2,"column":0},"end":{"line":2,"column":49}},"1":{"start":{"line":6,"column":4},"end":{"line":6,"column":33}},"2":{"start":{"line":6,"column":26},"end":{"line":6,"column":33}},"3":{"start":{"line":8,"column":24},"end":{"line":8,"column":null}},"4":{"start":{"line":12,"column":4},"end":{"line":12,"column":66}},"5":{"start":{"line":12,"column":59},"end":{"line":12,"column":66}},"6":{"start":{"line":14,"column":22},"end":{"line":15,"column":null}},"7":{"start":{"line":15,"column":6},"end":{"line":15,"column":53}},"8":{"start":{"line":18,"column":4},"end":{"line":23,"column":5}},"9":{"start":{"line":19,"column":6},"end":{"line":22,"column":8}},"10":{"start":{"line":4,"column":0},"end":{"line":4,"column":13}}},"fnMap":{"0":{"name":"(anonymous_0)","decl":{"start":{"line":5,"column":2},"end":{"line":5,"column":10}},"loc":{"start":{"line":5,"column":31},"end":{"line":24,"column":3}}},"1":{"name":"(anonymous_1)","decl":{"start":{"line":14,"column":39},"end":{"line":14,"column":41}},"loc":{"start":{"line":15,"column":6},"end":{"line":15,"column":53}}}},"branchMap":{"0":{"loc":{"start":{"line":6,"column":4},"end":{"line":6,"column":33}},"type":"if","locations":[{"start":{"line":6,"column":4},"end":{"line":6,"column":33}}]},"1":{"loc":{"start":{"line":12,"column":4},"end":{"line":12,"column":66}},"type":"if","locations":[{"start":{"line":12,"column":4},"end":{"line":12,"column":66}}]},"2":{"loc":{"start":{"line":12,"column":8},"end":{"line":12,"column":57}},"type":"binary-expr","locations":[{"start":{"line":12,"column":8},"end":{"line":12,"column":20}},{"start":{"line":12,"column":24},"end":{"line":12,"column":57}}]},"3":{"loc":{"start":{"line":18,"column":4},"end":{"line":23,"column":5}},"type":"if","locations":[{"start":{"line":18,"column":4},"end":{"line":23,"column":5}}]}},"s":{"0":2,"1":11,"2":6,"3":5,"4":5,"5":1,"6":4,"7":4,"8":4,"9":1,"10":2},"f":{"0":11,"1":4},"b":{"0":[6],"1":[1],"2":[5,4],"3":[1]}}
,"C:\\Users\\henry\\Desktop\\SPOFE-APP VERS 1.0\\cascade\\modules\\gestion-tiers\\src\\domain\\guardian\\invariants\\G02_LegalIdentity.ts": {"path":"C:\\Users\\henry\\Desktop\\SPOFE-APP VERS 1.0\\cascade\\modules\\gestion-tiers\\src\\domain\\guardian\\invariants\\G02_LegalIdentity.ts","statementMap":{"0":{"start":{"line":2,"column":0},"end":{"line":2,"column":49}},"1":{"start":{"line":6,"column":17},"end":{"line":6,"column":45}},"2":{"start":{"line":7,"column":21},"end":{"line":7,"column":61}},"3":{"start":{"line":9,"column":4},"end":{"line":14,"column":5}},"4":{"start":{"line":10,"column":6},"end":{"line":13,"column":8}},"5":{"start":{"line":4,"column":0},"end":{"line":4,"column":13}}},"fnMap":{"0":{"name":"(anonymous_0)","decl":{"start":{"line":5,"column":2},"end":{"line":5,"column":10}},"loc":{"start":{"line":5,"column":31},"end":{"line":15,"column":3}}}},"branchMap":{"0":{"loc":{"start":{"line":9,"column":4},"end":{"line":14,"column":5}},"type":"if","locations":[{"start":{"line":9,"column":4},"end":{"line":14,"column":5}}]},"1":{"loc":{"start":{"line":9,"column":8},"end":{"line":9,"column":68}},"type":"binary-expr","locations":[{"start":{"line":9,"column":8},"end":{"line":9,"column":13}},{"start":{"line":9,"column":18},"end":{"line":9,"column":42}},{"start":{"line":9,"column":46},"end":{"line":9,"column":67}}]}},"s":{"0":2,"1":11,"2":11,"3":11,"4":3,"5":2},"f":{"0":11},"b":{"0":[3],"1":[11,4,2]}}
,"C:\\Users\\henry\\Desktop\\SPOFE-APP VERS 1.0\\cascade\\modules\\gestion-tiers\\src\\domain\\guardian\\invariants\\G03_ValidRoles.ts": {"path":"C:\\Users\\henry\\Desktop\\SPOFE-APP VERS 1.0\\cascade\\modules\\gestion-tiers\\src\\domain\\guardian\\invariants\\G03_ValidRoles.ts","statementMap":{"0":{"start":{"line":2,"column":0},"end":{"line":2,"column":49}},"1":{"start":{"line":4,"column":34},"end":{"line":10,"column":2}},"2":{"start":{"line":14,"column":18},"end":{"line":14,"column":73}},"3":{"start":{"line":16,"column":4},"end":{"line":21,"column":5}},"4":{"start":{"line":17,"column":6},"end":{"line":20,"column":8}},"5":{"start":{"line":23,"column":4},"end":{"line":30,"column":5}},"6":{"start":{"line":24,"column":6},"end":{"line":29,"column":7}},"7":{"start":{"line":25,"column":8},"end":{"line":28,"column":10}},"8":{"start":{"line":12,"column":0},"end":{"line":12,"column":13}}},"fnMap":{"0":{"name":"(anonymous_0)","decl":{"start":{"line":13,"column":2},"end":{"line":13,"column":10}},"loc":{"start":{"line":13,"column":31},"end":{"line":31,"column":3}}}},"branchMap":{"0":{"loc":{"start":{"line":16,"column":4},"end":{"line":21,"column":5}},"type":"if","locations":[{"start":{"line":16,"column":4},"end":{"line":21,"column":5}}]},"1":{"loc":{"start":{"line":16,"column":8},"end":{"line":16,"column":36}},"type":"binary-expr","locations":[{"start":{"line":16,"column":8},"end":{"line":16,"column":14}},{"start":{"line":16,"column":18},"end":{"line":16,"column":36}}]},"2":{"loc":{"start":{"line":24,"column":6},"end":{"line":29,"column":7}},"type":"if","locations":[{"start":{"line":24,"column":6},"end":{"line":29,"column":7}}]}},"s":{"0":2,"1":2,"2":11,"3":11,"4":2,"5":9,"6":14,"7":1,"8":2},"f":{"0":11},"b":{"0":[2],"1":[11,10],"2":[1]}}
,"C:\\Users\\henry\\Desktop\\SPOFE-APP VERS 1.0\\cascade\\modules\\gestion-tiers\\src\\domain\\guardian\\invariants\\G04_DocumentDriven.ts": {"path":"C:\\Users\\henry\\Desktop\\SPOFE-APP VERS 1.0\\cascade\\modules\\gestion-tiers\\src\\domain\\guardian\\invariants\\G04_DocumentDriven.ts","statementMap":{"0":{"start":{"line":2,"column":0},"end":{"line":2,"column":49}},"1":{"start":{"line":6,"column":4},"end":{"line":11,"column":5}},"2":{"start":{"line":7,"column":6},"end":{"line":10,"column":8}},"3":{"start":{"line":4,"column":0},"end":{"line":4,"column":13}}},"fnMap":{"0":{"name":"(anonymous_0)","decl":{"start":{"line":5,"column":2},"end":{"line":5,"column":10}},"loc":{"start":{"line":5,"column":31},"end":{"line":12,"column":3}}}},"branchMap":{"0":{"loc":{"start":{"line":6,"column":4},"end":{"line":11,"column":5}},"type":"if","locations":[{"start":{"line":6,"column":4},"end":{"line":11,"column":5}}]}},"s":{"0":2,"1":9,"2":1,"3":2},"f":{"0":9},"b":{"0":[1]}}
,"C:\\Users\\henry\\Desktop\\SPOFE-APP VERS 1.0\\cascade\\modules\\gestion-tiers\\src\\domain\\guardian\\invariants\\G05_DocumentState.ts": {"path":"C:\\Users\\henry\\Desktop\\SPOFE-APP VERS 1.0\\cascade\\modules\\gestion-tiers\\src\\domain\\guardian\\invariants\\G05_DocumentState.ts","statementMap":{"0":{"start":{"line":2,"column":0},"end":{"line":2,"column":49}},"1":{"start":{"line":6,"column":4},"end":{"line":11,"column":5}},"2":{"start":{"line":7,"column":6},"end":{"line":10,"column":8}},"3":{"start":{"line":4,"column":0},"end":{"line":4,"column":13}}},"fnMap":{"0":{"name":"(anonymous_0)","decl":{"start":{"line":5,"column":2},"end":{"line":5,"column":10}},"loc":{"start":{"line":5,"column":31},"end":{"line":12,"column":3}}}},"branchMap":{"0":{"loc":{"start":{"line":6,"column":4},"end":{"line":11,"column":5}},"type":"if","locations":[{"start":{"line":6,"column":4},"end":{"line":11,"column":5}}]}},"s":{"0":2,"1":9,"2":3,"3":2},"f":{"0":9},"b":{"0":[3]}}
,"C:\\Users\\henry\\Desktop\\SPOFE-APP VERS 1.0\\cascade\\modules\\gestion-tiers\\src\\domain\\guardian\\invariants\\G06_TierStatus.ts": {"path":"C:\\Users\\henry\\Desktop\\SPOFE-APP VERS 1.0\\cascade\\modules\\gestion-tiers\\src\\domain\\guardian\\invariants\\G06_TierStatus.ts","statementMap":{"0":{"start":{"line":2,"column":0},"end":{"line":2,"column":49}},"1":{"start":{"line":6,"column":4},"end":{"line":11,"column":5}},"2":{"start":{"line":7,"column":6},"end":{"line":10,"column":8}},"3":{"start":{"line":4,"column":0},"end":{"line":4,"column":13}}},"fnMap":{"0":{"name":"(anonymous_0)","decl":{"start":{"line":5,"column":2},"end":{"line":5,"column":10}},"loc":{"start":{"line":5,"column":31},"end":{"line":12,"column":3}}}},"branchMap":{"0":{"loc":{"start":{"line":6,"column":4},"end":{"line":11,"column":5}},"type":"if","locations":[{"start":{"line":6,"column":4},"end":{"line":11,"column":5}}]}},"s":{"0":2,"1":9,"2":1,"3":2},"f":{"0":9},"b":{"0":[1]}}
,"C:\\Users\\henry\\Desktop\\SPOFE-APP VERS 1.0\\cascade\\modules\\gestion-tiers\\src\\domain\\guardian\\invariants\\G07_AppendOnly.ts": {"path":"C:\\Users\\henry\\Desktop\\SPOFE-APP VERS 1.0\\cascade\\modules\\gestion-tiers\\src\\domain\\guardian\\invariants\\G07_AppendOnly.ts","statementMap":{"0":{"start":{"line":2,"column":0},"end":{"line":2,"column":49}},"1":{"start":{"line":6,"column":4},"end":{"line":11,"column":5}},"2":{"start":{"line":7,"column":6},"end":{"line":10,"column":8}},"3":{"start":{"line":4,"column":0},"end":{"line":4,"column":13}}},"fnMap":{"0":{"name":"(anonymous_0)","decl":{"start":{"line":5,"column":2},"end":{"line":5,"column":10}},"loc":{"start":{"line":5,"column":31},"end":{"line":12,"column":3}}}},"branchMap":{"0":{"loc":{"start":{"line":6,"column":4},"end":{"line":11,"column":5}},"type":"if","locations":[{"start":{"line":6,"column":4},"end":{"line":11,"column":5}}]}},"s":{"0":2,"1":9,"2":1,"3":2},"f":{"0":9},"b":{"0":[1]}}
,"C:\\Users\\henry\\Desktop\\SPOFE-APP VERS 1.0\\cascade\\modules\\gestion-tiers\\src\\domain\\guardian\\invariants\\G08_TenantIsolation.ts": {"path":"C:\\Users\\henry\\Desktop\\SPOFE-APP VERS 1.0\\cascade\\modules\\gestion-tiers\\src\\domain\\guardian\\invariants\\G08_TenantIsolation.ts","statementMap":{"0":{"start":{"line":2,"column":0},"end":{"line":2,"column":49}},"1":{"start":{"line":6,"column":4},"end":{"line":14,"column":5}},"2":{"start":{"line":10,"column":6},"end":{"line":13,"column":8}},"3":{"start":{"line":4,"column":0},"end":{"line":4,"column":13}}},"fnMap":{"0":{"name":"(anonymous_0)","decl":{"start":{"line":5,"column":2},"end":{"line":5,"column":10}},"loc":{"start":{"line":5,"column":31},"end":{"line":15,"column":3}}}},"branchMap":{"0":{"loc":{"start":{"line":6,"column":4},"end":{"line":14,"column":5}},"type":"if","locations":[{"start":{"line":6,"column":4},"end":{"line":14,"column":5}}]},"1":{"loc":{"start":{"line":7,"column":6},"end":{"line":8,"column":47}},"type":"binary-expr","locations":[{"start":{"line":7,"column":6},"end":{"line":7,"column":21}},{"start":{"line":8,"column":6},"end":{"line":8,"column":47}}]}},"s":{"0":2,"1":8,"2":2,"3":2},"f":{"0":8},"b":{"0":[2],"1":[8,4]}}
,"C:\\Users\\henry\\Desktop\\SPOFE-APP VERS 1.0\\cascade\\modules\\gestion-tiers\\src\\domain\\guardian\\invariants\\G09_ActorRequired.ts": {"path":"C:\\Users\\henry\\Desktop\\SPOFE-APP VERS 1.0\\cascade\\modules\\gestion-tiers\\src\\domain\\guardian\\invariants\\G09_ActorRequired.ts","statementMap":{"0":{"start":{"line":2,"column":0},"end":{"line":2,"column":49}},"1":{"start":{"line":6,"column":4},"end":{"line":11,"column":5}},"2":{"start":{"line":7,"column":6},"end":{"line":10,"column":8}},"3":{"start":{"line":4,"column":0},"end":{"line":4,"column":13}}},"fnMap":{"0":{"name":"(anonymous_0)","decl":{"start":{"line":5,"column":2},"end":{"line":5,"column":10}},"loc":{"start":{"line":5,"column":31},"end":{"line":12,"column":3}}}},"branchMap":{"0":{"loc":{"start":{"line":6,"column":4},"end":{"line":11,"column":5}},"type":"if","locations":[{"start":{"line":6,"column":4},"end":{"line":11,"column":5}}]}},"s":{"0":2,"1":8,"2":2,"3":2},"f":{"0":8},"b":{"0":[2]}}
,"C:\\Users\\henry\\Desktop\\SPOFE-APP VERS 1.0\\cascade\\modules\\gestion-tiers\\src\\domain\\guardian\\invariants\\G10_NoFinancialLogic.ts": {"path":"C:\\Users\\henry\\Desktop\\SPOFE-APP VERS 1.0\\cascade\\modules\\gestion-tiers\\src\\domain\\guardian\\invariants\\G10_NoFinancialLogic.ts","statementMap":{"0":{"start":{"line":2,"column":0},"end":{"line":2,"column":49}},"1":{"start":{"line":4,"column":25},"end":{"line":11,"column":2}},"2":{"start":{"line":15,"column":4},"end":{"line":22,"column":5}},"3":{"start":{"line":16,"column":6},"end":{"line":21,"column":7}},"4":{"start":{"line":17,"column":8},"end":{"line":20,"column":10}},"5":{"start":{"line":13,"column":0},"end":{"line":13,"column":13}}},"fnMap":{"0":{"name":"(anonymous_0)","decl":{"start":{"line":14,"column":2},"end":{"line":14,"column":10}},"loc":{"start":{"line":14,"column":31},"end":{"line":23,"column":3}}}},"branchMap":{"0":{"loc":{"start":{"line":16,"column":6},"end":{"line":21,"column":7}},"type":"if","locations":[{"start":{"line":16,"column":6},"end":{"line":21,"column":7}}]}},"s":{"0":2,"1":2,"2":9,"3":22,"4":4,"5":2},"f":{"0":9},"b":{"0":[4]}}
}
