TN:
SF:src\api\index.ts
FNF:0
FNH:0
DA:2,1
DA:3,1
DA:4,1
DA:5,1
DA:6,1
DA:7,1
DA:10,1
LF:7
LH:7
BRF:0
BRH:0
end_of_record
TN:
SF:src\api\controllers\BankAccountStateController.ts
FN:4,(anonymous_0)
FN:6,(anonymous_1)
FNF:2
FNH:2
FNDA:1,(anonymous_0)
FNDA:1,(anonymous_1)
DA:3,1
DA:4,1
DA:11,1
LF:3
LH:3
BRF:0
BRH:0
end_of_record
TN:
SF:src\api\controllers\BankAccountsController.ts
FN:4,(anonymous_0)
FN:6,(anonymous_1)
FNF:2
FNH:0
FNDA:0,(anonymous_0)
FNDA:0,(anonymous_1)
DA:3,1
DA:4,0
DA:11,0
LF:3
LH:1
BRF:0
BRH:0
end_of_record
TN:
SF:src\api\controllers\BankBalancesController.ts
FN:4,(anonymous_0)
FN:6,(anonymous_1)
FNF:2
FNH:0
FNDA:0,(anonymous_0)
FNDA:0,(anonymous_1)
DA:3,1
DA:4,0
DA:13,0
LF:3
LH:1
BRF:0
BRH:0
end_of_record
TN:
SF:src\api\controllers\BankDocumentsController.ts
FN:4,(anonymous_0)
FN:6,(anonymous_1)
FNF:2
FNH:0
FNDA:0,(anonymous_0)
FNDA:0,(anonymous_1)
DA:3,1
DA:4,0
DA:11,0
LF:3
LH:1
BRF:0
BRH:0
end_of_record
TN:
SF:src\api\controllers\BankJournalController.ts
FN:4,(anonymous_0)
FN:6,(anonymous_1)
FNF:2
FNH:2
FNDA:1,(anonymous_0)
FNDA:1,(anonymous_1)
DA:3,1
DA:4,1
DA:13,1
LF:3
LH:3
BRF:0
BRH:0
end_of_record
TN:
SF:src\api\controllers\BankMovementsController.ts
FN:4,(anonymous_0)
FN:6,(anonymous_1)
FNF:2
FNH:2
FNDA:1,(anonymous_0)
FNDA:1,(anonymous_1)
DA:3,1
DA:4,1
DA:14,1
LF:3
LH:3
BRF:0
BRH:0
end_of_record
TN:
SF:src\application\handlers\RecordBankBalanceSnapshotHandler.ts
FN:6,(anonymous_0)
FN:11,(anonymous_1)
FNF:2
FNH:0
FNDA:0,(anonymous_0)
FNDA:0,(anonymous_1)
DA:5,1
DA:7,0
DA:8,0
DA:12,0
DA:13,0
DA:15,0
LF:6
LH:1
BRF:0
BRH:0
end_of_record
TN:
SF:src\application\handlers\RecordBankCreditHandler.ts
FN:7,(anonymous_0)
FN:13,(anonymous_1)
FNF:2
FNH:2
FNDA:2,(anonymous_0)
FNDA:2,(anonymous_1)
DA:6,1
DA:8,2
DA:9,2
DA:10,2
DA:14,2
DA:18,2
DA:19,2
DA:20,2
DA:22,2
LF:9
LH:9
BRF:0
BRH:0
end_of_record
TN:
SF:src\application\handlers\RecordBankDebitHandler.ts
FN:7,(anonymous_0)
FN:13,(anonymous_1)
FNF:2
FNH:2
FNDA:2,(anonymous_0)
FNDA:3,(anonymous_1)
DA:6,1
DA:8,2
DA:9,2
DA:10,2
DA:14,3
DA:18,3
DA:19,3
DA:20,3
DA:22,3
LF:9
LH:9
BRF:0
BRH:0
end_of_record
TN:
SF:src\application\handlers\RegisterBankAccountHandler.ts
FN:7,(anonymous_0)
FN:13,(anonymous_1)
FNF:2
FNH:2
FNDA:3,(anonymous_0)
FNDA:3,(anonymous_1)
DA:6,1
DA:8,3
DA:9,3
DA:10,3
DA:14,3
DA:18,3
DA:20,3
LF:7
LH:7
BRF:0
BRH:0
end_of_record
TN:
SF:src\application\handlers\RegisterBankDocumentHandler.ts
FN:7,(anonymous_0)
FN:13,(anonymous_1)
FNF:2
FNH:2
FNDA:1,(anonymous_0)
FNDA:1,(anonymous_1)
DA:6,1
DA:8,1
DA:9,1
DA:10,1
DA:14,1
DA:18,1
DA:19,1
DA:21,1
LF:8
LH:8
BRF:0
BRH:0
end_of_record
TN:
SF:src\application\handlers\index.ts
FNF:0
FNH:0
DA:1,1
DA:2,1
DA:3,1
DA:4,1
DA:5,1
LF:5
LH:5
BRF:0
BRH:0
end_of_record
TN:
SF:src\domain\guardian\BankGuardian.ts
FN:16,(anonymous_0)
FN:23,(anonymous_1)
FN:30,(anonymous_2)
FN:37,(anonymous_3)
FN:44,(anonymous_4)
FN:51,(anonymous_5)
FN:58,(anonymous_6)
FN:65,(anonymous_7)
FN:72,(anonymous_8)
FN:79,(anonymous_9)
FN:86,(anonymous_10)
FN:93,(anonymous_11)
FNF:12
FNH:12
FNDA:8,(anonymous_0)
FNDA:5,(anonymous_1)
FNDA:5,(anonymous_2)
FNDA:3,(anonymous_3)
FNDA:3,(anonymous_4)
FNDA:7,(anonymous_5)
FNDA:2,(anonymous_6)
FNDA:7,(anonymous_7)
FNDA:7,(anonymous_8)
FNDA:2,(anonymous_9)
FNDA:2,(anonymous_10)
FNDA:2,(anonymous_11)
DA:14,2
DA:17,8
DA:18,1
DA:24,5
DA:25,1
DA:31,5
DA:32,1
DA:38,3
DA:39,1
DA:45,3
DA:46,1
DA:52,7
DA:53,1
DA:59,2
DA:60,1
DA:66,7
DA:67,1
DA:73,7
DA:74,1
DA:80,2
DA:81,1
DA:87,2
DA:88,1
DA:94,2
DA:95,1
LF:25
LH:25
BRDA:17,0,0,1
BRDA:17,0,1,7
BRDA:24,1,0,1
BRDA:24,1,1,4
BRDA:31,2,0,1
BRDA:31,2,1,4
BRDA:38,3,0,1
BRDA:38,3,1,2
BRDA:45,4,0,1
BRDA:45,4,1,2
BRDA:52,5,0,1
BRDA:52,5,1,6
BRDA:59,6,0,1
BRDA:59,6,1,1
BRDA:66,7,0,1
BRDA:66,7,1,6
BRDA:73,8,0,1
BRDA:73,8,1,6
BRDA:80,9,0,1
BRDA:80,9,1,1
BRDA:87,10,0,1
BRDA:87,10,1,1
BRDA:94,11,0,1
BRDA:94,11,1,1
BRF:24
BRH:24
end_of_record
TN:
SF:src\read-models\index.ts
FNF:0
FNH:0
DA:2,1
DA:3,1
DA:4,1
DA:5,1
DA:6,1
DA:9,1
DA:10,1
DA:11,1
DA:12,1
DA:13,1
LF:10
LH:10
BRF:0
BRH:0
end_of_record
TN:
SF:src\read-models\projections\BankAccountStateProjection.ts
FN:4,(anonymous_0)
FNF:1
FNH:1
FNDA:3,(anonymous_0)
DA:3,1
DA:8,3
DA:9,1
DA:18,2
DA:19,0
DA:26,2
LF:6
LH:5
BRDA:8,0,0,1
BRDA:8,0,1,2
BRDA:18,1,0,0
BRDA:18,1,1,2
BRDA:18,2,0,2
BRDA:18,2,1,0
BRF:6
BRH:4
end_of_record
TN:
SF:src\read-models\projections\BankBalanceSnapshotProjection.ts
FN:4,(anonymous_0)
FNF:1
FNH:0
FNDA:0,(anonymous_0)
DA:3,1
DA:5,0
DA:7,0
LF:3
LH:1
BRDA:5,0,0,0
BRDA:5,0,1,0
BRF:2
BRH:0
end_of_record
TN:
SF:src\read-models\projections\BankDocumentProjection.ts
FN:4,(anonymous_0)
FNF:1
FNH:0
FNDA:0,(anonymous_0)
DA:3,1
DA:5,0
DA:7,0
LF:3
LH:1
BRDA:5,0,0,0
BRDA:5,0,1,0
BRF:2
BRH:0
end_of_record
TN:
SF:src\read-models\projections\BankJournalProjection.ts
FN:4,(anonymous_0)
FNF:1
FNH:1
FNDA:3,(anonymous_0)
DA:3,1
DA:5,3
LF:2
LH:2
BRDA:12,0,0,3
BRDA:12,0,1,2
BRDA:14,1,0,3
BRDA:14,1,1,2
BRF:4
BRH:4
end_of_record
TN:
SF:src\read-models\projections\BankMovementProjection.ts
FN:4,(anonymous_0)
FNF:1
FNH:1
FNDA:9,(anonymous_0)
DA:3,1
DA:5,9
DA:6,3
DA:18,6
DA:19,2
DA:31,4
LF:6
LH:6
BRDA:5,0,0,3
BRDA:5,0,1,6
BRDA:18,1,0,2
BRDA:18,1,1,4
BRF:4
BRH:4
end_of_record
