TN:
SF:src\index.ts
FN:4,(anonymous_4)
FN:5,(anonymous_5)
FN:6,(anonymous_6)
FN:6,(anonymous_7)
FNF:4
FNH:0
FNDA:0,(anonymous_4)
FNDA:0,(anonymous_5)
FNDA:0,(anonymous_6)
FNDA:0,(anonymous_7)
DA:4,0
DA:5,0
DA:6,0
DA:7,0
LF:4
LH:0
BRF:0
BRH:0
end_of_record
TN:
SF:src\api\OIEController.ts
FN:6,(anonymous_0)
FN:11,(anonymous_1)
FN:16,(anonymous_2)
FN:21,(anonymous_3)
FN:26,(anonymous_4)
FN:37,(anonymous_5)
FN:42,(anonymous_6)
FNF:7
FNH:0
FNDA:0,(anonymous_0)
FNDA:0,(anonymous_1)
FNDA:0,(anonymous_2)
FNDA:0,(anonymous_3)
FNDA:0,(anonymous_4)
FNDA:0,(anonymous_5)
FNDA:0,(anonymous_6)
DA:3,0
DA:8,0
DA:13,0
DA:18,0
DA:23,0
DA:34,0
DA:39,0
DA:49,0
LF:8
LH:0
BRF:0
BRH:0
end_of_record
TN:
SF:src\guardian\GuardianError.ts
FN:2,(anonymous_0)
FNF:1
FNH:1
FNDA:16,(anonymous_0)
DA:1,1
DA:3,16
DA:4,16
LF:3
LH:3
BRF:0
BRH:0
end_of_record
TN:
SF:src\guardian\OIEGuardian.ts
FN:11,(anonymous_0)
FN:26,(anonymous_1)
FN:32,(anonymous_2)
FN:38,(anonymous_3)
FN:47,(anonymous_4)
FN:55,(anonymous_5)
FN:63,(anonymous_6)
FN:69,(anonymous_7)
FN:75,(anonymous_8)
FN:80,(anonymous_9)
FN:86,(anonymous_10)
FNF:11
FNH:11
FNDA:24,(anonymous_0)
FNDA:24,(anonymous_1)
FNDA:22,(anonymous_2)
FNDA:20,(anonymous_3)
FNDA:18,(anonymous_4)
FNDA:16,(anonymous_5)
FNDA:14,(anonymous_6)
FNDA:12,(anonymous_7)
FNDA:10,(anonymous_8)
FNDA:10,(anonymous_9)
FNDA:8,(anonymous_10)
DA:1,1
DA:10,1
DA:12,24
DA:13,22
DA:14,20
DA:15,18
DA:16,16
DA:17,14
DA:18,12
DA:19,10
DA:20,10
DA:21,8
DA:27,24
DA:28,2
DA:33,22
DA:34,2
DA:39,20
DA:40,3
DA:41,3
DA:42,2
DA:48,18
DA:49,3
DA:50,2
DA:56,16
DA:57,4
DA:58,2
DA:64,14
DA:65,2
DA:70,12
DA:71,2
DA:81,10
DA:82,2
LF:32
LH:32
BRDA:27,0,0,2
BRDA:27,0,1,22
BRDA:27,1,0,24
BRDA:27,1,1,12
BRDA:27,1,2,12
BRDA:33,2,0,2
BRDA:33,2,1,20
BRDA:33,3,0,22
BRDA:33,3,1,3
BRDA:39,4,0,3
BRDA:39,4,1,17
BRDA:39,5,0,20
BRDA:39,5,1,3
BRDA:41,6,0,2
BRDA:41,6,1,1
BRDA:48,7,0,3
BRDA:48,7,1,15
BRDA:48,8,0,18
BRDA:48,8,1,10
BRDA:49,9,0,2
BRDA:49,9,1,1
BRDA:56,10,0,4
BRDA:56,10,1,12
BRDA:56,11,0,16
BRDA:56,11,1,4
BRDA:57,12,0,2
BRDA:57,12,1,2
BRDA:57,13,0,4
BRDA:57,13,1,3
BRDA:64,14,0,2
BRDA:64,14,1,12
BRDA:70,15,0,2
BRDA:70,15,1,10
BRDA:81,16,0,2
BRDA:81,16,1,8
BRF:35
BRH:35
end_of_record
TN:
SF:src\guardian\index.ts
FN:1,(anonymous_4)
FN:2,(anonymous_5)
FNF:2
FNH:0
FNDA:0,(anonymous_4)
FNDA:0,(anonymous_5)
DA:1,0
DA:2,0
DA:3,0
LF:3
LH:0
BRF:0
BRH:0
end_of_record
TN:
SF:src\guardian\types.ts
FN:62,(anonymous_0)
FNF:1
FNH:0
FNDA:0,(anonymous_0)
DA:61,0
DA:63,0
DA:64,0
LF:3
LH:0
BRF:0
BRH:0
end_of_record
TN:
SF:src\read-models\ObjectiveReadModel.ts
FN:18,(anonymous_0)
FNF:1
FNH:0
FNDA:0,(anonymous_0)
DA:17,0
DA:19,0
LF:2
LH:0
BRDA:22,0,0,0
BRDA:22,0,1,0
BRDA:23,1,0,0
BRDA:23,1,1,0
BRDA:26,2,0,0
BRDA:26,2,1,0
BRF:6
BRH:0
end_of_record
